{
  "RSpec": {
    "coverage": {
      "/Users/edwinlim/Desktop/Github/GildedRose-Refactoring-Kata/ruby/spec/gilded_rose_spec.rb": {
        "lines": [
          null,
          1,
          null,
          1,
          1,
          20,
          null,
          null,
          1,
          1,
          5,
          1,
          1,
          null,
          null,
          1,
          1,
          null,
          null,
          1,
          1,
          null,
          null,
          1,
          1,
          null,
          null,
          1,
          2,
          1,
          1,
          null,
          null,
          null,
          1,
          2,
          1,
          1,
          null,
          null,
          null,
          1,
          2,
          1,
          1,
          null,
          null,
          null,
          null,
          1,
          2,
          1,
          1,
          null,
          null,
          1,
          2,
          1,
          1,
          null,
          null,
          1,
          2,
          1,
          1,
          null,
          null,
          null,
          null,
          1,
          2,
          1,
          1,
          null,
          null,
          null,
          null,
          1,
          2,
          1,
          1,
          null,
          null,
          1,
          2,
          1,
          1,
          null,
          null,
          1,
          2,
          1,
          1,
          null,
          null,
          null,
          null,
          1,
          2,
          1,
          1,
          null,
          null,
          1,
          2,
          1,
          1,
          null,
          null,
          null,
          null,
          1,
          2,
          1,
          1,
          null,
          null,
          null,
          null,
          1,
          3,
          1,
          1,
          null,
          null,
          1,
          1,
          null,
          null,
          1,
          2,
          1,
          1,
          null,
          null,
          null,
          null,
          null
        ],
        "branches": {
        }
      },
      "/Users/edwinlim/Desktop/Github/GildedRose-Refactoring-Kata/ruby/gilded_rose.rb": {
        "lines": [
          1,
          null,
          1,
          20,
          null,
          null,
          1,
          20,
          20,
          10,
          8,
          5,
          null,
          null,
          null,
          10,
          8,
          8,
          6,
          5,
          3,
          null,
          null,
          6,
          3,
          2,
          null,
          null,
          null,
          null,
          null,
          20,
          17,
          null,
          20,
          6,
          4,
          3,
          2,
          1,
          null,
          null,
          null,
          1,
          null,
          null,
          2,
          1,
          null,
          null,
          null,
          null,
          null,
          null,
          null,
          1,
          1,
          null,
          1,
          20,
          20,
          20,
          null,
          null,
          1,
          1,
          null,
          null
        ],
        "branches": {
          "[:if, 0, 11, 10, 13, 13]": {
            "[:then, 1, 12, 12, 12, 43]": 5,
            "[:else, 2, 11, 10, 13, 13]": 3
          },
          "[:if, 3, 10, 8, 14, 11]": {
            "[:then, 4, 11, 10, 13, 13]": 8,
            "[:else, 5, 10, 8, 14, 11]": 2
          },
          "[:if, 6, 20, 14, 22, 17]": {
            "[:then, 7, 21, 16, 21, 47]": 3,
            "[:else, 8, 20, 14, 22, 17]": 2
          },
          "[:if, 9, 19, 12, 23, 15]": {
            "[:then, 10, 20, 14, 22, 17]": 5,
            "[:else, 11, 19, 12, 23, 15]": 1
          },
          "[:if, 12, 25, 14, 27, 17]": {
            "[:then, 13, 26, 16, 26, 47]": 2,
            "[:else, 14, 25, 14, 27, 17]": 1
          },
          "[:if, 15, 24, 12, 28, 15]": {
            "[:then, 16, 25, 14, 27, 17]": 3,
            "[:else, 17, 24, 12, 28, 15]": 3
          },
          "[:if, 18, 18, 10, 29, 13]": {
            "[:then, 19, 19, 12, 28, 15]": 6,
            "[:else, 20, 18, 10, 29, 13]": 2
          },
          "[:if, 21, 16, 8, 30, 11]": {
            "[:then, 22, 17, 10, 29, 13]": 8,
            "[:else, 23, 16, 8, 30, 11]": 2
          },
          "[:if, 24, 9, 6, 31, 9]": {
            "[:then, 25, 10, 8, 14, 11]": 10,
            "[:else, 26, 16, 8, 30, 11]": 10
          },
          "[:if, 27, 32, 6, 34, 9]": {
            "[:then, 28, 33, 8, 33, 39]": 17,
            "[:else, 29, 32, 6, 34, 9]": 3
          },
          "[:if, 30, 39, 14, 41, 17]": {
            "[:then, 31, 40, 16, 40, 47]": 1,
            "[:else, 32, 39, 14, 41, 17]": 1
          },
          "[:if, 33, 38, 12, 42, 15]": {
            "[:then, 34, 39, 14, 41, 17]": 2,
            "[:else, 35, 38, 12, 42, 15]": 1
          },
          "[:if, 36, 37, 10, 45, 13]": {
            "[:then, 37, 38, 12, 42, 15]": 3,
            "[:else, 38, 44, 12, 44, 54]": 1
          },
          "[:if, 39, 47, 10, 49, 13]": {
            "[:then, 40, 48, 12, 48, 43]": 1,
            "[:else, 41, 47, 10, 49, 13]": 1
          },
          "[:if, 42, 36, 8, 50, 11]": {
            "[:then, 43, 37, 10, 45, 13]": 4,
            "[:else, 44, 47, 10, 49, 13]": 2
          },
          "[:if, 45, 35, 6, 51, 9]": {
            "[:then, 46, 36, 8, 50, 11]": 6,
            "[:else, 47, 35, 6, 51, 9]": 14
          }
        }
      }
    },
    "timestamp": 1652416988
  }
}
